This is pdfTeX, Version 3.14159265-2.6-1.40.20 (MiKTeX 2.9.7200 64-bit) (preloaded format=pdflatex 2019.5.13)  6 NOV 2019 10:46
entering extended mode
**./LagDesc.tex
(LagDesc.tex
LaTeX2e <2018-12-01>

("C:\Users\vjose.garcia.ALCALA\AppData\Local\Programs\MiKTeX 2.9\tex/latex/base
\article.cls"
Document Class: article 2014/09/29 v1.4h Standard LaTeX document class

("C:\Users\vjose.garcia.ALCALA\AppData\Local\Programs\MiKTeX 2.9\tex/latex/base
\size10.clo"
File: size10.clo 2014/09/29 v1.4h Standard LaTeX file (size option)
)
\c@part=\count80
\c@section=\count81
\c@subsection=\count82
\c@subsubsection=\count83
\c@paragraph=\count84
\c@subparagraph=\count85
\c@figure=\count86
\c@table=\count87
\abovecaptionskip=\skip41
\belowcaptionskip=\skip42
\bibindent=\dimen102
)
("C:\Users\vjose.garcia.ALCALA\AppData\Local\Programs\MiKTeX 2.9\tex/latex/base
\inputenc.sty"
Package: inputenc 2018/04/06 v1.3b Input encoding file
\inpenc@prehook=\toks14
\inpenc@posthook=\toks15
)
("C:\Users\vjose.garcia.ALCALA\AppData\Local\Programs\MiKTeX 2.9\tex/generic/ba
bel\babel.sty"
Package: babel 2018/09/26 3.24 The Babel package

("C:\Users\vjose.garcia.ALCALA\AppData\Local\Programs\MiKTeX 2.9\tex/generic/ba
bel\switch.def"
File: switch.def 2018/09/26 3.24 Babel switching mechanism
)
*************************************
* Local config file bblopts.cfg used
*
("C:\Program Files\MiKTeX 2.9\tex/latex/arabi\bblopts.cfg"
File: bblopts.cfg 2005/09/08 v0.1 add Arabic and Farsi to "declared" options of
 babel
)
("C:\Users\vjose.garcia.ALCALA\AppData\Local\Programs\MiKTeX 2.9\tex/latex/babe
l-english\english.ldf"
Language: english 2017/06/06 v3.3r English support from the babel system

("C:\Users\vjose.garcia.ALCALA\AppData\Local\Programs\MiKTeX 2.9\tex/generic/ba
bel\babel.def"
File: babel.def 2018/09/26 3.24 Babel common definitions
\babel@savecnt=\count88
\U@D=\dimen103

("C:\Users\vjose.garcia.ALCALA\AppData\Local\Programs\MiKTeX 2.9\tex/generic/ba
bel\txtbabel.def")
\bbl@dirlevel=\count89
)
\l@canadian = a dialect from \language\l@american 
\l@australian = a dialect from \language\l@british 
\l@newzealand = a dialect from \language\l@british 
))
("C:\Users\vjose.garcia.ALCALA\AppData\Local\Programs\MiKTeX 2.9\tex/latex/grap
hics\graphicx.sty"
Package: graphicx 2017/06/01 v1.1a Enhanced LaTeX Graphics (DPC,SPQR)

("C:\Users\vjose.garcia.ALCALA\AppData\Local\Programs\MiKTeX 2.9\tex/latex/grap
hics\keyval.sty"
Package: keyval 2014/10/28 v1.15 key=value parser (DPC)
\KV@toks@=\toks16
)
("C:\Users\vjose.garcia.ALCALA\AppData\Local\Programs\MiKTeX 2.9\tex/latex/grap
hics\graphics.sty"
Package: graphics 2017/06/25 v1.2c Standard LaTeX Graphics (DPC,SPQR)

("C:\Users\vjose.garcia.ALCALA\AppData\Local\Programs\MiKTeX 2.9\tex/latex/grap
hics\trig.sty"
Package: trig 2016/01/03 v1.10 sin cos tan (DPC)
)
("C:\Users\vjose.garcia.ALCALA\AppData\Local\Programs\MiKTeX 2.9\tex/latex/grap
hics-cfg\graphics.cfg"
File: graphics.cfg 2016/06/04 v1.11 sample graphics configuration
)
Package graphics Info: Driver file: pdftex.def on input line 99.

("C:\Users\vjose.garcia.ALCALA\AppData\Local\Programs\MiKTeX 2.9\tex/latex/grap
hics-def\pdftex.def"
File: pdftex.def 2018/01/08 v1.0l Graphics/color driver for pdftex
))
\Gin@req@height=\dimen104
\Gin@req@width=\dimen105
)
("C:\Users\vjose.garcia.ALCALA\AppData\Local\Programs\MiKTeX 2.9\tex/latex/ober
diek\epstopdf.sty"
Package: epstopdf 2016/05/15 v2.6 Conversion with epstopdf on the fly (HO)

("C:\Users\vjose.garcia.ALCALA\AppData\Local\Programs\MiKTeX 2.9\tex/latex/ober
diek\epstopdf-base.sty"
Package: epstopdf-base 2016/05/15 v2.6 Base part for package epstopdf

("C:\Users\vjose.garcia.ALCALA\AppData\Local\Programs\MiKTeX 2.9\tex/generic/ob
erdiek\infwarerr.sty"
Package: infwarerr 2016/05/16 v1.4 Providing info/warning/error messages (HO)
)
("C:\Users\vjose.garcia.ALCALA\AppData\Local\Programs\MiKTeX 2.9\tex/latex/ober
diek\grfext.sty"
Package: grfext 2016/05/16 v1.2 Manage graphics extensions (HO)

("C:\Users\vjose.garcia.ALCALA\AppData\Local\Programs\MiKTeX 2.9\tex/generic/ob
erdiek\kvdefinekeys.sty"
Package: kvdefinekeys 2016/05/16 v1.4 Define keys (HO)

("C:\Users\vjose.garcia.ALCALA\AppData\Local\Programs\MiKTeX 2.9\tex/generic/ob
erdiek\ltxcmds.sty"
Package: ltxcmds 2016/05/16 v1.23 LaTeX kernel commands for general use (HO)
)))
("C:\Users\vjose.garcia.ALCALA\AppData\Local\Programs\MiKTeX 2.9\tex/latex/ober
diek\kvoptions.sty"
Package: kvoptions 2016/05/16 v3.12 Key value format for package options (HO)

("C:\Users\vjose.garcia.ALCALA\AppData\Local\Programs\MiKTeX 2.9\tex/generic/ob
erdiek\kvsetkeys.sty"
Package: kvsetkeys 2016/05/16 v1.17 Key value parser (HO)

("C:\Users\vjose.garcia.ALCALA\AppData\Local\Programs\MiKTeX 2.9\tex/generic/ob
erdiek\etexcmds.sty"
Package: etexcmds 2016/05/16 v1.6 Avoid name clashes with e-TeX commands (HO)

("C:\Users\vjose.garcia.ALCALA\AppData\Local\Programs\MiKTeX 2.9\tex/generic/ob
erdiek\ifluatex.sty"
Package: ifluatex 2016/05/16 v1.4 Provides the ifluatex switch (HO)
Package ifluatex Info: LuaTeX not detected.
))))
("C:\Users\vjose.garcia.ALCALA\AppData\Local\Programs\MiKTeX 2.9\tex/generic/ob
erdiek\pdftexcmds.sty"
Package: pdftexcmds 2018/09/10 v0.29 Utility functions of pdfTeX for LuaTeX (HO
)

("C:\Users\vjose.garcia.ALCALA\AppData\Local\Programs\MiKTeX 2.9\tex/generic/ob
erdiek\ifpdf.sty"
Package: ifpdf 2018/09/07 v3.3 Provides the ifpdf switch
)
Package pdftexcmds Info: LuaTeX not detected.
Package pdftexcmds Info: \pdf@primitive is available.
Package pdftexcmds Info: \pdf@ifprimitive is available.
Package pdftexcmds Info: \pdfdraftmode found.
)
Package epstopdf-base Info: Redefining graphics rule for `.eps' on input line 4
38.
Package grfext Info: Graphics extension search list:
(grfext)             [.pdf,.png,.jpg,.mps,.jpeg,.jbig2,.jb2,.PDF,.PNG,.JPG,.JPE
G,.JBIG2,.JB2,.eps]
(grfext)             \AppendGraphicsExtensions on input line 456.
))
("C:\Users\vjose.garcia.ALCALA\AppData\Local\Programs\MiKTeX 2.9\tex/latex/amsm
ath\amsmath.sty"
Package: amsmath 2017/09/02 v2.17a AMS math features
\@mathmargin=\skip43

For additional information on amsmath, use the `?' option.

("C:\Users\vjose.garcia.ALCALA\AppData\Local\Programs\MiKTeX 2.9\tex/latex/amsm
ath\amstext.sty"
Package: amstext 2000/06/29 v2.01 AMS text

("C:\Users\vjose.garcia.ALCALA\AppData\Local\Programs\MiKTeX 2.9\tex/latex/amsm
ath\amsgen.sty"
File: amsgen.sty 1999/11/30 v2.0 generic functions
\@emptytoks=\toks17
\ex@=\dimen106
))
("C:\Users\vjose.garcia.ALCALA\AppData\Local\Programs\MiKTeX 2.9\tex/latex/amsm
ath\amsbsy.sty"
Package: amsbsy 1999/11/29 v1.2d Bold Symbols
\pmbraise@=\dimen107
)
("C:\Users\vjose.garcia.ALCALA\AppData\Local\Programs\MiKTeX 2.9\tex/latex/amsm
ath\amsopn.sty"
Package: amsopn 2016/03/08 v2.02 operator names
)
\inf@bad=\count90
LaTeX Info: Redefining \frac on input line 213.
\uproot@=\count91
\leftroot@=\count92
LaTeX Info: Redefining \overline on input line 375.
\classnum@=\count93
\DOTSCASE@=\count94
LaTeX Info: Redefining \ldots on input line 472.
LaTeX Info: Redefining \dots on input line 475.
LaTeX Info: Redefining \cdots on input line 596.
\Mathstrutbox@=\box27
\strutbox@=\box28
\big@size=\dimen108
LaTeX Font Info:    Redeclaring font encoding OML on input line 712.
LaTeX Font Info:    Redeclaring font encoding OMS on input line 713.
\macc@depth=\count95
\c@MaxMatrixCols=\count96
\dotsspace@=\muskip10
\c@parentequation=\count97
\dspbrk@lvl=\count98
\tag@help=\toks18
\row@=\count99
\column@=\count100
\maxfields@=\count101
\andhelp@=\toks19
\eqnshift@=\dimen109
\alignsep@=\dimen110
\tagshift@=\dimen111
\tagwidth@=\dimen112
\totwidth@=\dimen113
\lineht@=\dimen114
\@envbody=\toks20
\multlinegap=\skip44
\multlinetaggap=\skip45
\mathdisplay@stack=\toks21
LaTeX Info: Redefining \[ on input line 2817.
LaTeX Info: Redefining \] on input line 2818.
)
("C:\Users\vjose.garcia.ALCALA\AppData\Local\Programs\MiKTeX 2.9\tex/latex/amsf
onts\amssymb.sty"
Package: amssymb 2013/01/14 v3.01 AMS font symbols

("C:\Users\vjose.garcia.ALCALA\AppData\Local\Programs\MiKTeX 2.9\tex/latex/amsf
onts\amsfonts.sty"
Package: amsfonts 2013/01/14 v3.01 Basic AMSFonts support
\symAMSa=\mathgroup4
\symAMSb=\mathgroup5
LaTeX Font Info:    Overwriting math alphabet `\mathfrak' in version `bold'
(Font)                  U/euf/m/n --> U/euf/b/n on input line 106.
))
("C:\Users\vjose.garcia.ALCALA\AppData\Local\Programs\MiKTeX 2.9\tex/latex/amsc
ls\amsthm.sty"
Package: amsthm 2017/10/31 v2.20.4
\thm@style=\toks22
\thm@bodyfont=\toks23
\thm@headfont=\toks24
\thm@notefont=\toks25
\thm@headpunct=\toks26
\thm@preskip=\skip46
\thm@postskip=\skip47
\thm@headsep=\skip48
\dth@everypar=\toks27
)
("C:\Users\vjose.garcia.ALCALA\AppData\Local\Programs\MiKTeX 2.9\tex/latex/grap
hics\color.sty"
Package: color 2016/07/10 v1.1e Standard LaTeX Color (DPC)

("C:\Users\vjose.garcia.ALCALA\AppData\Local\Programs\MiKTeX 2.9\tex/latex/grap
hics-cfg\color.cfg"
File: color.cfg 2016/01/02 v1.6 sample color configuration
)
Package color Info: Driver file: pdftex.def on input line 147.
)
("C:\Users\vjose.garcia.ALCALA\AppData\Local\Programs\MiKTeX 2.9\tex/latex/geom
etry\geometry.sty"
Package: geometry 2018/04/16 v5.8 Page Geometry

("C:\Users\vjose.garcia.ALCALA\AppData\Local\Programs\MiKTeX 2.9\tex/generic/ob
erdiek\ifvtex.sty"
Package: ifvtex 2016/05/16 v1.6 Detect VTeX and its facilities (HO)
Package ifvtex Info: VTeX not detected.
)
("C:\Users\vjose.garcia.ALCALA\AppData\Local\Programs\MiKTeX 2.9\tex/generic/if
xetex\ifxetex.sty"
Package: ifxetex 2010/09/12 v0.6 Provides ifxetex conditional
)
\Gm@cnth=\count102
\Gm@cntv=\count103
\c@Gm@tempcnt=\count104
\Gm@bindingoffset=\dimen115
\Gm@wd@mp=\dimen116
\Gm@odd@mp=\dimen117
\Gm@even@mp=\dimen118
\Gm@layoutwidth=\dimen119
\Gm@layoutheight=\dimen120
\Gm@layouthoffset=\dimen121
\Gm@layoutvoffset=\dimen122
\Gm@dimlist=\toks28

("C:\Users\vjose.garcia.ALCALA\AppData\Local\Programs\MiKTeX 2.9\tex/latex/geom
etry\geometry.cfg")) (natbib.sty
Package: natbib 2006/09/06 7.4a (PWD)
\bibhang=\skip49
\bibsep=\skip50
LaTeX Info: Redefining \cite on input line 541.
\c@NAT@ctr=\count105
)

LaTeX Warning: Unused global option(s):
    [9pt].

(LagDesc.aux)
\openout1 = `LagDesc.aux'.

LaTeX Font Info:    Checking defaults for OML/cmm/m/it on input line 19.
LaTeX Font Info:    ... okay on input line 19.
LaTeX Font Info:    Checking defaults for T1/cmr/m/n on input line 19.
LaTeX Font Info:    ... okay on input line 19.
LaTeX Font Info:    Checking defaults for OT1/cmr/m/n on input line 19.
LaTeX Font Info:    ... okay on input line 19.
LaTeX Font Info:    Checking defaults for OMS/cmsy/m/n on input line 19.
LaTeX Font Info:    ... okay on input line 19.
LaTeX Font Info:    Checking defaults for OMX/cmex/m/n on input line 19.
LaTeX Font Info:    ... okay on input line 19.
LaTeX Font Info:    Checking defaults for U/cmr/m/n on input line 19.
LaTeX Font Info:    ... okay on input line 19.
 ("C:\Program Files\MiKTeX 2.9\tex/context/base/mkii\supp-pdf.mkii"
[Loading MPS to PDF converter (version 2006.09.02).]
\scratchcounter=\count106
\scratchdimen=\dimen123
\scratchbox=\box29
\nofMPsegments=\count107
\nofMParguments=\count108
\everyMPshowfont=\toks29
\MPscratchCnt=\count109
\MPscratchDim=\dimen124
\MPnumerator=\count110
\makeMPintoPDFobject=\count111
\everyMPtoPDFconversion=\toks30
)
*geometry* driver: auto-detecting
*geometry* detected driver: pdftex
*geometry* verbose mode - [ preamble ] result:
* driver: pdftex
* paper: custom
* layout: <same size as paper>
* layoutoffset:(h,v)=(0.0pt,0.0pt)
* modes: 
* h-part:(L,W,R)=(56.9055pt, 398.3386pt, 56.9055pt)
* v-part:(T,H,B)=(85.35826pt, 674.33023pt, 85.35826pt)
* \paperwidth=512.1496pt
* \paperheight=845.04675pt
* \textwidth=398.3386pt
* \textheight=674.33023pt
* \oddsidemargin=-15.36449pt
* \evensidemargin=-15.36449pt
* \topmargin=-23.91173pt
* \headheight=12.0pt
* \headsep=25.0pt
* \topskip=10.0pt
* \footskip=30.0pt
* \marginparwidth=65.0pt
* \marginparsep=11.0pt
* \columnsep=10.0pt
* \skip\footins=9.0pt plus 4.0pt minus 2.0pt
* \hoffset=0.0pt
* \voffset=0.0pt
* \mag=1000
* \@twocolumnfalse
* \@twosidefalse
* \@mparswitchfalse
* \@reversemarginfalse
* (1in=72.27pt=25.4mm, 1cm=28.453pt)

LaTeX Font Info:    Try loading font information for U+msa on input line 29.

("C:\Users\vjose.garcia.ALCALA\AppData\Local\Programs\MiKTeX 2.9\tex/latex/amsf
onts\umsa.fd"
File: umsa.fd 2013/01/14 v3.01 AMS symbols A
)
LaTeX Font Info:    Try loading font information for U+msb on input line 29.

("C:\Users\vjose.garcia.ALCALA\AppData\Local\Programs\MiKTeX 2.9\tex/latex/amsf
onts\umsb.fd"
File: umsb.fd 2013/01/14 v3.01 AMS symbols B
)

LaTeX Warning: No \author given.



pdfTeX warning: pdflatex.exe (file ./figures/LD_tau_5_y_-1sqrt2_delta_0_H_02.pd
f): PDF inclusion: found PDF version <1.7>, but at most version <1.5> allowed
<figures/LD_tau_5_y_-1sqrt2_delta_0_H_02.pdf, id=1, 678.535pt x 550.055pt>
File: figures/LD_tau_5_y_-1sqrt2_delta_0_H_02.pdf Graphic file (type pdf)
<use figures/LD_tau_5_y_-1sqrt2_delta_0_H_02.pdf>
Package pdftex.def Info: figures/LD_tau_5_y_-1sqrt2_delta_0_H_02.pdf  used on i
nput line 37.
(pdftex.def)             Requested size: 176.41493pt x 143.01093pt.
[1

{C:/Users/vjose.garcia.ALCALA/AppData/Local/MiKTeX/2.9/pdftex/config/pdftex.map
} <./figures/LD_tau_5_y_-1sqrt2_delta_0_H_02.pdf>]

LaTeX Warning: Reference `ham_eqs' on page 2 undefined on input line 50.


Overfull \hbox (21.52278pt too wide) detected at line 58
\OML/cmm/m/it/10 M[]\OT1/cmr/m/n/10 (\OT1/cmr/bx/n/10 x[]\OML/cmm/m/it/10 ; t[]
; \OT1/cmr/m/n/10 ) = [][] [] \OMS/cmsy/m/n/10 j\OML/cmm/m/it/10 v[]\OT1/cmr/m
/n/10 (\OT1/cmr/bx/n/10 x\OT1/cmr/m/n/10 (\OML/cmm/m/it/10 t\OT1/cmr/m/n/10 ; \
OT1/cmr/bx/n/10 x[]\OT1/cmr/m/n/10 )\OML/cmm/m/it/10 ; t\OT1/cmr/m/n/10 )\OMS/c
msy/m/n/10 j[] \OML/cmm/m/it/10 dt ;  M[]\OT1/cmr/m/n/10 (\OT1/cmr/bx/n/10 x[]\
OML/cmm/m/it/10 ; t[]; \OT1/cmr/m/n/10 ) = [][] [] \OMS/cmsy/m/n/10 j\OML/cmm/
m/it/10 v[]\OT1/cmr/m/n/10 (\OT1/cmr/bx/n/10 x\OT1/cmr/m/n/10 (\OML/cmm/m/it/10
 t\OT1/cmr/m/n/10 ; \OT1/cmr/bx/n/10 x[]\OT1/cmr/m/n/10 )\OML/cmm/m/it/10 ; t\O
T1/cmr/m/n/10 )\OMS/cmsy/m/n/10 j[] \OML/cmm/m/it/10 dt
 []


Package natbib Warning: Citation `feldmaier2019' on page 2 undefined on input l
ine 69.

[2]

LaTeX Warning: Reference `ham_eqs' on page 3 undefined on input line 75.


LaTeX Warning: Reference `fig:LD_tau5' on page 3 undefined on input line 83.


LaTeX Warning: Reference `fig:LD_tau5_maniDetect' on page 3 undefined on input 
line 83.


LaTeX Warning: Reference `fig:LD_mani_extract' on page 3 undefined on input lin
e 83.


LaTeX Warning: Reference `fig:LD_mani_extract' on page 3 undefined on input lin
e 83.


LaTeX Warning: Reference `fig:LD_mani_extract' on page 3 undefined on input lin
e 83.

[3]

LaTeX Warning: Reference `fig:LD_mani_extract' on page 4 undefined on input lin
e 85.

(LagDesc.bbl [4])

Package natbib Warning: There were undefined citations.

[5] (LagDesc.aux)

LaTeX Warning: There were undefined references.

 ) 
Here is how much of TeX's memory you used:
 3769 strings out of 492895
 53865 string characters out of 3133437
 144198 words of memory out of 3000000
 7600 multiletter control sequences out of 15000+200000
 12161 words of font info for 47 fonts, out of 3000000 for 9000
 1141 hyphenation exceptions out of 8191
 42i,7n,31p,3295b,264s stack positions out of 5000i,500n,10000p,200000b,50000s
<C:/Users/vjose.garcia.ALCALA/AppData/Local/Programs/MiKTeX 2.9/fonts/type1/p
ublic/amsfonts/cm/cmbx10.pfb><C:/Users/vjose.garcia.ALCALA/AppData/Local/Progra
ms/MiKTeX 2.9/fonts/type1/public/amsfonts/cm/cmbx12.pfb><C:/Users/vjose.garcia.
ALCALA/AppData/Local/Programs/MiKTeX 2.9/fonts/type1/public/amsfonts/cm/cmex10.
pfb><C:/Users/vjose.garcia.ALCALA/AppData/Local/Programs/MiKTeX 2.9/fonts/type1
/public/amsfonts/cm/cmmi10.pfb><C:/Users/vjose.garcia.ALCALA/AppData/Local/Prog
rams/MiKTeX 2.9/fonts/type1/public/amsfonts/cm/cmmi5.pfb><C:/Users/vjose.garcia
.ALCALA/AppData/Local/Programs/MiKTeX 2.9/fonts/type1/public/amsfonts/cm/cmmi7.
pfb><C:/Users/vjose.garcia.ALCALA/AppData/Local/Programs/MiKTeX 2.9/fonts/type1
/public/amsfonts/cm/cmr10.pfb><C:/Users/vjose.garcia.ALCALA/AppData/Local/Progr
ams/MiKTeX 2.9/fonts/type1/public/amsfonts/cm/cmr17.pfb><C:/Users/vjose.garcia.
ALCALA/AppData/Local/Programs/MiKTeX 2.9/fonts/type1/public/amsfonts/cm/cmr5.pf
b><C:/Users/vjose.garcia.ALCALA/AppData/Local/Programs/MiKTeX 2.9/fonts/type1/p
ublic/amsfonts/cm/cmr7.pfb><C:/Users/vjose.garcia.ALCALA/AppData/Local/Programs
/MiKTeX 2.9/fonts/type1/public/amsfonts/cm/cmsy10.pfb><C:/Users/vjose.garcia.AL
CALA/AppData/Local/Programs/MiKTeX 2.9/fonts/type1/public/amsfonts/cm/cmsy7.pfb
><C:/Users/vjose.garcia.ALCALA/AppData/Local/Programs/MiKTeX 2.9/fonts/type1/pu
blic/amsfonts/cm/cmti10.pfb><C:/Users/vjose.garcia.ALCALA/AppData/Local/Program
s/MiKTeX 2.9/fonts/type1/public/amsfonts/symbols/msbm10.pfb>
Output written on LagDesc.pdf (5 pages, 217160 bytes).
PDF statistics:
 78 PDF objects out of 1000 (max. 8388607)
 0 named destinations out of 1000 (max. 500000)
 6 words of extra memory for PDF output out of 10000 (max. 10000000)

