This is pdfTeX, Version 3.14159265-2.6-1.40.20 (MiKTeX 2.9.7200 64-bit) (preloaded format=pdflatex 2019.10.19)  11 NOV 2019 05:59
entering extended mode
**./LagDesc.tex
(LagDesc.tex
LaTeX2e <2019-10-01> patch level 1
("C:\Users\torvi\AppData\Local\Programs\MiKTeX 2.9\tex/latex/base\article.cls"
Document Class: article 2019/08/27 v1.4j Standard LaTeX document class
("C:\Users\torvi\AppData\Local\Programs\MiKTeX 2.9\tex/latex/base\size10.clo"
File: size10.clo 2019/08/27 v1.4j Standard LaTeX file (size option)
)
\c@part=\count80
\c@section=\count81
\c@subsection=\count82
\c@subsubsection=\count83
\c@paragraph=\count84
\c@subparagraph=\count85
\c@figure=\count86
\c@table=\count87
\abovecaptionskip=\skip41
\belowcaptionskip=\skip42
\bibindent=\dimen102
) ("C:\Users\torvi\AppData\Local\Programs\MiKTeX 2.9\tex/latex/base\inputenc.st
y"
Package: inputenc 2018/08/11 v1.3c Input encoding file
\inpenc@prehook=\toks14
\inpenc@posthook=\toks15
)
("C:\Users\torvi\AppData\Local\Programs\MiKTeX 2.9\tex/generic/babel\babel.sty"
Package: babel 2019/10/15 3.35 The Babel package
("C:\Users\torvi\AppData\Local\Programs\MiKTeX 2.9\tex/generic/babel\switch.def
"
File: switch.def 2019/10/15 3.35 Babel switching mechanism
)
*************************************
* Local config file bblopts.cfg used
*
("C:\Users\torvi\AppData\Local\Programs\MiKTeX 2.9\tex/latex/arabi\bblopts.cfg"
File: bblopts.cfg 2005/09/08 v0.1 add Arabic and Farsi to "declared" options of
 babel
)
("C:\Users\torvi\AppData\Local\Programs\MiKTeX 2.9\tex/latex/babel-english\engl
ish.ldf"
Language: english 2017/06/06 v3.3r English support from the babel system

("C:\Users\torvi\AppData\Local\Programs\MiKTeX 2.9\tex/generic/babel\babel.def"
File: babel.def 2019/10/15 3.35 Babel common definitions
\babel@savecnt=\count88
\U@D=\dimen103

("C:\Users\torvi\AppData\Local\Programs\MiKTeX 2.9\tex/generic/babel\txtbabel.d
ef")
\bbl@dirlevel=\count89
)
\l@canadian = a dialect from \language\l@american 
\l@australian = a dialect from \language\l@british 
\l@newzealand = a dialect from \language\l@british 
))
("C:\Users\torvi\AppData\Local\Programs\MiKTeX 2.9\tex/latex/graphics\graphicx.
sty"
Package: graphicx 2017/06/01 v1.1a Enhanced LaTeX Graphics (DPC,SPQR)

("C:\Users\torvi\AppData\Local\Programs\MiKTeX 2.9\tex/latex/graphics\keyval.st
y"
Package: keyval 2014/10/28 v1.15 key=value parser (DPC)
\KV@toks@=\toks16
)
("C:\Users\torvi\AppData\Local\Programs\MiKTeX 2.9\tex/latex/graphics\graphics.
sty"
Package: graphics 2019/10/08 v1.3c Standard LaTeX Graphics (DPC,SPQR)

("C:\Users\torvi\AppData\Local\Programs\MiKTeX 2.9\tex/latex/graphics\trig.sty"
Package: trig 2016/01/03 v1.10 sin cos tan (DPC)
)
("C:\Users\torvi\AppData\Local\Programs\MiKTeX 2.9\tex/latex/graphics-cfg\graph
ics.cfg"
File: graphics.cfg 2016/06/04 v1.11 sample graphics configuration
)
Package graphics Info: Driver file: pdftex.def on input line 105.

("C:\Users\torvi\AppData\Local\Programs\MiKTeX 2.9\tex/latex/graphics-def\pdfte
x.def"
File: pdftex.def 2018/01/08 v1.0l Graphics/color driver for pdftex
))
\Gin@req@height=\dimen104
\Gin@req@width=\dimen105
)
("C:\Users\torvi\AppData\Local\Programs\MiKTeX 2.9\tex/latex/oberdiek\epstopdf.
sty"
Package: epstopdf 2016/05/15 v2.6 Conversion with epstopdf on the fly (HO)

("C:\Users\torvi\AppData\Local\Programs\MiKTeX 2.9\tex/latex/oberdiek\epstopdf-
base.sty"
Package: epstopdf-base 2016/05/15 v2.6 Base part for package epstopdf

("C:\Users\torvi\AppData\Local\Programs\MiKTeX 2.9\tex/generic/oberdiek\infware
rr.sty"
Package: infwarerr 2016/05/16 v1.4 Providing info/warning/error messages (HO)
)
("C:\Users\torvi\AppData\Local\Programs\MiKTeX 2.9\tex/latex/oberdiek\grfext.st
y"
Package: grfext 2016/05/16 v1.2 Manage graphics extensions (HO)

("C:\Users\torvi\AppData\Local\Programs\MiKTeX 2.9\tex/generic/oberdiek\kvdefin
ekeys.sty"
Package: kvdefinekeys 2016/05/16 v1.4 Define keys (HO)

("C:\Users\torvi\AppData\Local\Programs\MiKTeX 2.9\tex/generic/oberdiek\ltxcmds
.sty"
Package: ltxcmds 2016/05/16 v1.23 LaTeX kernel commands for general use (HO)
)))
("C:\Users\torvi\AppData\Local\Programs\MiKTeX 2.9\tex/latex/oberdiek\kvoptions
.sty"
Package: kvoptions 2016/05/16 v3.12 Key value format for package options (HO)

("C:\Users\torvi\AppData\Local\Programs\MiKTeX 2.9\tex/generic/oberdiek\kvsetke
ys.sty"
Package: kvsetkeys 2016/05/16 v1.17 Key value parser (HO)

("C:\Users\torvi\AppData\Local\Programs\MiKTeX 2.9\tex/generic/oberdiek\etexcmd
s.sty"
Package: etexcmds 2016/05/16 v1.6 Avoid name clashes with e-TeX commands (HO)

("C:\Users\torvi\AppData\Local\Programs\MiKTeX 2.9\tex/generic/oberdiek\ifluate
x.sty"
Package: ifluatex 2016/05/16 v1.4 Provides the ifluatex switch (HO)
Package ifluatex Info: LuaTeX not detected.
))))
("C:\Users\torvi\AppData\Local\Programs\MiKTeX 2.9\tex/generic/oberdiek\pdftexc
mds.sty"
Package: pdftexcmds 2019/07/25 v0.30 Utility functions of pdfTeX for LuaTeX (HO
)

("C:\Users\torvi\AppData\Local\Programs\MiKTeX 2.9\tex/generic/oberdiek\ifpdf.s
ty"
Package: ifpdf 2018/09/07 v3.3 Provides the ifpdf switch
)
Package pdftexcmds Info: LuaTeX not detected.
Package pdftexcmds Info: \pdf@primitive is available.
Package pdftexcmds Info: \pdf@ifprimitive is available.
Package pdftexcmds Info: \pdfdraftmode found.
)
Package epstopdf-base Info: Redefining graphics rule for `.eps' on input line 4
38.
Package grfext Info: Graphics extension search list:
(grfext)             [.pdf,.png,.jpg,.mps,.jpeg,.jbig2,.jb2,.PDF,.PNG,.JPG,.JPE
G,.JBIG2,.JB2,.eps]
(grfext)             \AppendGraphicsExtensions on input line 456.
))
("C:\Users\torvi\AppData\Local\Programs\MiKTeX 2.9\tex/latex/amsmath\amsmath.st
y"
Package: amsmath 2019/04/01 v2.17c AMS math features
\@mathmargin=\skip43

For additional information on amsmath, use the `?' option.

("C:\Users\torvi\AppData\Local\Programs\MiKTeX 2.9\tex/latex/amsmath\amstext.st
y"
Package: amstext 2000/06/29 v2.01 AMS text

("C:\Users\torvi\AppData\Local\Programs\MiKTeX 2.9\tex/latex/amsmath\amsgen.sty
"
File: amsgen.sty 1999/11/30 v2.0 generic functions
\@emptytoks=\toks17
\ex@=\dimen106
))
("C:\Users\torvi\AppData\Local\Programs\MiKTeX 2.9\tex/latex/amsmath\amsbsy.sty
"
Package: amsbsy 1999/11/29 v1.2d Bold Symbols
\pmbraise@=\dimen107
)
("C:\Users\torvi\AppData\Local\Programs\MiKTeX 2.9\tex/latex/amsmath\amsopn.sty
"
Package: amsopn 2016/03/08 v2.02 operator names
)
\inf@bad=\count90
LaTeX Info: Redefining \frac on input line 227.
\uproot@=\count91
\leftroot@=\count92
LaTeX Info: Redefining \overline on input line 389.
\classnum@=\count93
\DOTSCASE@=\count94
LaTeX Info: Redefining \ldots on input line 486.
LaTeX Info: Redefining \dots on input line 489.
LaTeX Info: Redefining \cdots on input line 610.
\Mathstrutbox@=\box27
\strutbox@=\box28
\big@size=\dimen108
LaTeX Font Info:    Redeclaring font encoding OML on input line 733.
LaTeX Font Info:    Redeclaring font encoding OMS on input line 734.
\macc@depth=\count95
\c@MaxMatrixCols=\count96
\dotsspace@=\muskip10
\c@parentequation=\count97
\dspbrk@lvl=\count98
\tag@help=\toks18
\row@=\count99
\column@=\count100
\maxfields@=\count101
\andhelp@=\toks19
\eqnshift@=\dimen109
\alignsep@=\dimen110
\tagshift@=\dimen111
\tagwidth@=\dimen112
\totwidth@=\dimen113
\lineht@=\dimen114
\@envbody=\toks20
\multlinegap=\skip44
\multlinetaggap=\skip45
\mathdisplay@stack=\toks21
LaTeX Info: Redefining \[ on input line 2855.
LaTeX Info: Redefining \] on input line 2856.
)
("C:\Users\torvi\AppData\Local\Programs\MiKTeX 2.9\tex/latex/amsfonts\amssymb.s
ty"
Package: amssymb 2013/01/14 v3.01 AMS font symbols

("C:\Users\torvi\AppData\Local\Programs\MiKTeX 2.9\tex/latex/amsfonts\amsfonts.
sty"
Package: amsfonts 2013/01/14 v3.01 Basic AMSFonts support
\symAMSa=\mathgroup4
\symAMSb=\mathgroup5
LaTeX Font Info:    Redeclaring math symbol \hbar on input line 98.
LaTeX Font Info:    Overwriting math alphabet `\mathfrak' in version `bold'
(Font)                  U/euf/m/n --> U/euf/b/n on input line 106.
))
("C:\Users\torvi\AppData\Local\Programs\MiKTeX 2.9\tex/latex/amscls\amsthm.sty"
Package: amsthm 2017/10/31 v2.20.4
\thm@style=\toks22
\thm@bodyfont=\toks23
\thm@headfont=\toks24
\thm@notefont=\toks25
\thm@headpunct=\toks26
\thm@preskip=\skip46
\thm@postskip=\skip47
\thm@headsep=\skip48
\dth@everypar=\toks27
)
("C:\Users\torvi\AppData\Local\Programs\MiKTeX 2.9\tex/latex/graphics\color.sty
"
Package: color 2016/07/10 v1.1e Standard LaTeX Color (DPC)

("C:\Users\torvi\AppData\Local\Programs\MiKTeX 2.9\tex/latex/graphics-cfg\color
.cfg"
File: color.cfg 2016/01/02 v1.6 sample color configuration
)
Package color Info: Driver file: pdftex.def on input line 147.
)
("C:\Users\torvi\AppData\Local\Programs\MiKTeX 2.9\tex/latex/geometry\geometry.
sty"
Package: geometry 2018/04/16 v5.8 Page Geometry

("C:\Users\torvi\AppData\Local\Programs\MiKTeX 2.9\tex/generic/oberdiek\ifvtex.
sty"
Package: ifvtex 2016/05/16 v1.6 Detect VTeX and its facilities (HO)
Package ifvtex Info: VTeX not detected.
)
("C:\Users\torvi\AppData\Local\Programs\MiKTeX 2.9\tex/generic/ifxetex\ifxetex.
sty"
Package: ifxetex 2010/09/12 v0.6 Provides ifxetex conditional
)
\Gm@cnth=\count102
\Gm@cntv=\count103
\c@Gm@tempcnt=\count104
\Gm@bindingoffset=\dimen115
\Gm@wd@mp=\dimen116
\Gm@odd@mp=\dimen117
\Gm@even@mp=\dimen118
\Gm@layoutwidth=\dimen119
\Gm@layoutheight=\dimen120
\Gm@layouthoffset=\dimen121
\Gm@layoutvoffset=\dimen122
\Gm@dimlist=\toks28

("C:\Users\torvi\AppData\Local\Programs\MiKTeX 2.9\tex/latex/geometry\geometry.
cfg")) (natbib.sty
Package: natbib 2006/09/06 7.4a (PWD)
\bibhang=\skip49
\bibsep=\skip50
LaTeX Info: Redefining \cite on input line 541.
\c@NAT@ctr=\count105
)

LaTeX Warning: Unused global option(s):
    [8pt].

(LagDesc.aux)
\openout1 = `LagDesc.aux'.

LaTeX Font Info:    Checking defaults for OML/cmm/m/it on input line 19.
LaTeX Font Info:    ... okay on input line 19.
LaTeX Font Info:    Checking defaults for T1/cmr/m/n on input line 19.
LaTeX Font Info:    ... okay on input line 19.
LaTeX Font Info:    Checking defaults for OT1/cmr/m/n on input line 19.
LaTeX Font Info:    ... okay on input line 19.
LaTeX Font Info:    Checking defaults for OMS/cmsy/m/n on input line 19.
LaTeX Font Info:    ... okay on input line 19.
LaTeX Font Info:    Checking defaults for OMX/cmex/m/n on input line 19.
LaTeX Font Info:    ... okay on input line 19.
LaTeX Font Info:    Checking defaults for U/cmr/m/n on input line 19.
LaTeX Font Info:    ... okay on input line 19.

("C:\Users\torvi\AppData\Local\Programs\MiKTeX 2.9\tex/context/base/mkii\supp-p
df.mkii"
[Loading MPS to PDF converter (version 2006.09.02).]
\scratchcounter=\count106
\scratchdimen=\dimen123
\scratchbox=\box29
\nofMPsegments=\count107
\nofMParguments=\count108
\everyMPshowfont=\toks29
\MPscratchCnt=\count109
\MPscratchDim=\dimen124
\MPnumerator=\count110
\makeMPintoPDFobject=\count111
\everyMPtoPDFconversion=\toks30
)
*geometry* driver: auto-detecting
*geometry* detected driver: pdftex
*geometry* verbose mode - [ preamble ] result:
* driver: pdftex
* paper: custom
* layout: <same size as paper>
* layoutoffset:(h,v)=(0.0pt,0.0pt)
* modes: 
* h-part:(L,W,R)=(56.9055pt, 426.79135pt, 56.9055pt)
* v-part:(T,H,B)=(85.35826pt, 674.33023pt, 85.35826pt)
* \paperwidth=540.60236pt
* \paperheight=845.04675pt
* \textwidth=426.79135pt
* \textheight=674.33023pt
* \oddsidemargin=-15.36449pt
* \evensidemargin=-15.36449pt
* \topmargin=-23.91173pt
* \headheight=12.0pt
* \headsep=25.0pt
* \topskip=10.0pt
* \footskip=30.0pt
* \marginparwidth=65.0pt
* \marginparsep=11.0pt
* \columnsep=10.0pt
* \skip\footins=9.0pt plus 4.0pt minus 2.0pt
* \hoffset=0.0pt
* \voffset=0.0pt
* \mag=1000
* \@twocolumnfalse
* \@twosidefalse
* \@mparswitchfalse
* \@reversemarginfalse
* (1in=72.27pt=25.4mm, 1cm=28.453pt)

LaTeX Font Info:    Trying to load font information for U+msa on input line 29.

("C:\Users\torvi\AppData\Local\Programs\MiKTeX 2.9\tex/latex/amsfonts\umsa.fd"
File: umsa.fd 2013/01/14 v3.01 AMS symbols A
)
LaTeX Font Info:    Trying to load font information for U+msb on input line 29.

("C:\Users\torvi\AppData\Local\Programs\MiKTeX 2.9\tex/latex/amsfonts\umsb.fd"
File: umsb.fd 2013/01/14 v3.01 AMS symbols B
)

LaTeX Warning: No \author given.

[1

{C:/Users/torvi/AppData/Local/MiKTeX/2.9/pdftex/config/pdftex.map}] [2]
<duffing_tau_2.png, id=20, 500.62032pt x 451.6875pt>
File: duffing_tau_2.png Graphic file (type png)
<use duffing_tau_2.png>
Package pdftex.def Info: duffing_tau_2.png  used on input line 84.
(pdftex.def)             Requested size: 120.15132pt x 108.40721pt.
<duffing_tau_10.png, id=22, 500.62032pt x 451.6875pt>
File: duffing_tau_10.png Graphic file (type png)
<use duffing_tau_10.png>
Package pdftex.def Info: duffing_tau_10.png  used on input line 85.
(pdftex.def)             Requested size: 120.15132pt x 108.40721pt.
<duffing_maniDetect.png, id=23, 466.74374pt x 455.45157pt>
File: duffing_maniDetect.png Graphic file (type png)
<use duffing_maniDetect.png>
Package pdftex.def Info: duffing_maniDetect.png  used on input line 86.
(pdftex.def)             Requested size: 112.02078pt x 109.31061pt.
<duffing_stbl_tau_10_pert_01.png, id=24, 500.62032pt x 451.6875pt>
File: duffing_stbl_tau_10_pert_01.png Graphic file (type png)
<use duffing_stbl_tau_10_pert_01.png>
Package pdftex.def Info: duffing_stbl_tau_10_pert_01.png  used on input line 96
.
(pdftex.def)             Requested size: 130.1582pt x 117.43597pt.
<duffing_unstbl_tau_10_pert_01.png, id=25, 500.62032pt x 451.6875pt>
File: duffing_unstbl_tau_10_pert_01.png Graphic file (type png)
<use duffing_unstbl_tau_10_pert_01.png>
Package pdftex.def Info: duffing_unstbl_tau_10_pert_01.png  used on input line 
97.
(pdftex.def)             Requested size: 130.1582pt x 117.43597pt.
<duffing_tau_10_pert_01.png, id=26, 500.62032pt x 451.6875pt>
File: duffing_tau_10_pert_01.png Graphic file (type png)
<use duffing_tau_10_pert_01.png>
Package pdftex.def Info: duffing_tau_10_pert_01.png  used on input line 98.
(pdftex.def)             Requested size: 130.1582pt x 117.43597pt.
<duffing_maniDetect_pert_01.png, id=27, 466.74374pt x 455.45157pt>
File: duffing_maniDetect_pert_01.png Graphic file (type png)
<use duffing_maniDetect_pert_01.png>
Package pdftex.def Info: duffing_maniDetect_pert_01.png  used on input line 99.

(pdftex.def)             Requested size: 121.35051pt x 118.41461pt.

[3 <./duffing_tau_2.png> <./duffing_tau_10.png> <./duffing_maniDetect.png>]
[4 <./duffing_stbl_tau_10_pert_01.png> <./duffing_unstbl_tau_10_pert_01.png> <.
/duffing_tau_10_pert_01.png> <./duffing_maniDetect_pert_01.png>]

LaTeX Warning: Reference `ham_eqs' on page 5 undefined on input line 127.

[5] [6]
<LD_p_05_Saddle_tau_10.png, id=50, 523.20468pt x 455.45157pt>
File: LD_p_05_Saddle_tau_10.png Graphic file (type png)
<use LD_p_05_Saddle_tau_10.png>
Package pdftex.def Info: LD_p_05_Saddle_tau_10.png  used on input line 194.
(pdftex.def)             Requested size: 125.57169pt x 109.31061pt.
<manifolds_Saddle_tau_10.png, id=51, 444.15938pt x 455.45157pt>
File: manifolds_Saddle_tau_10.png Graphic file (type png)
<use manifolds_Saddle_tau_10.png>
Package pdftex.def Info: manifolds_Saddle_tau_10.png  used on input line 195.
(pdftex.def)             Requested size: 106.60042pt x 109.31061pt.
<detectMani_Saddle_tau_10.png, id=52, 481.8pt x 455.45157pt>
File: detectMani_Saddle_tau_10.png Graphic file (type png)
<use detectMani_Saddle_tau_10.png>
Package pdftex.def Info: detectMani_Saddle_tau_10.png  used on input line 196.
(pdftex.def)             Requested size: 115.63435pt x 109.31061pt.
<LDfixTime_p_05_fishPot_tau_3.png, id=53, 505.89pt x 455.45157pt>
File: LDfixTime_p_05_fishPot_tau_3.png Graphic file (type png)
<use LDfixTime_p_05_fishPot_tau_3.png>
Package pdftex.def Info: LDfixTime_p_05_fishPot_tau_3.png  used on input line 2
26.
(pdftex.def)             Requested size: 121.41608pt x 109.31061pt.
<LD_p_05_fishPot_tau_8.png, id=54, 504.38437pt x 455.45157pt>
File: LD_p_05_fishPot_tau_8.png Graphic file (type png)
<use LD_p_05_fishPot_tau_8.png>
Package pdftex.def Info: LD_p_05_fishPot_tau_8.png  used on input line 227.
(pdftex.def)             Requested size: 121.05472pt x 109.31061pt.
<manifolds_fishPot_tau_8.png, id=55, 444.15938pt x 447.92343pt>
File: manifolds_fishPot_tau_8.png Graphic file (type png)
<use manifolds_fishPot_tau_8.png>
Package pdftex.def Info: manifolds_fishPot_tau_8.png  used on input line 228.
(pdftex.def)             Requested size: 106.60042pt x 107.50381pt.
<LDs_Henon_tau_50_x_0_E_1div6.png, id=56, 534.49687pt x 459.21562pt>
File: LDs_Henon_tau_50_x_0_E_1div6.png Graphic file (type png)
<use LDs_Henon_tau_50_x_0_E_1div6.png>
Package pdftex.def Info: LDs_Henon_tau_50_x_0_E_1div6.png  used on input line 2
40.
(pdftex.def)             Requested size: 187.0767pt x 160.72787pt.
<Mani_Henon_tau_50_x_0_E_1div6.png, id=57, 463.7325pt x 448.67625pt>
File: Mani_Henon_tau_50_x_0_E_1div6.png Graphic file (type png)
<use Mani_Henon_tau_50_x_0_E_1div6.png>
Package pdftex.def Info: Mani_Henon_tau_50_x_0_E_1div6.png  used on input line 
241.
(pdftex.def)             Requested size: 162.30879pt x 157.03903pt.
<LDs_Henon_tau_10_x_0_E_1div3.png, id=58, 519.44063pt x 459.21562pt>
File: LDs_Henon_tau_10_x_0_E_1div3.png Graphic file (type png)
<use LDs_Henon_tau_10_x_0_E_1div3.png>
Package pdftex.def Info: LDs_Henon_tau_10_x_0_E_1div3.png  used on input line 2
42.
(pdftex.def)             Requested size: 186.99847pt x 165.31749pt.
<Mani_Henon_tau_10_x_0_E_1div3.png, id=59, 440.39531pt x 432.86719pt>
File: Mani_Henon_tau_10_x_0_E_1div3.png Graphic file (type png)
<use Mani_Henon_tau_10_x_0_E_1div3.png>
Package pdftex.def Info: Mani_Henon_tau_10_x_0_E_1div3.png  used on input line 
243.
(pdftex.def)             Requested size: 158.54218pt x 155.83206pt.
<LDs_Henon_tau_10_y_0_E_1div3.png, id=60, 496.85625pt x 459.21562pt>
File: LDs_Henon_tau_10_y_0_E_1div3.png Graphic file (type png)
<use LDs_Henon_tau_10_y_0_E_1div3.png>
Package pdftex.def Info: LDs_Henon_tau_10_y_0_E_1div3.png  used on input line 2
44.
(pdftex.def)             Requested size: 178.8681pt x 165.31749pt.
<Mani_Henon_tau_10_y_0_E_1div3.png, id=61, 444.15938pt x 444.15938pt>
File: Mani_Henon_tau_10_y_0_E_1div3.png Graphic file (type png)
<use Mani_Henon_tau_10_y_0_E_1div3.png>
Package pdftex.def Info: Mani_Henon_tau_10_y_0_E_1div3.png  used on input line 
245.
(pdftex.def)             Requested size: 159.89725pt x 159.89725pt.
 [7 <./LD_p_05_Saddle_tau_10.png> <./manifolds_Saddle_tau_10.png> <./detectMani
_Saddle_tau_10.png>]

LaTeX Warning: Reference `psos_ld' on page 8 undefined on input line 258.

[8 <./LDfixTime_p_05_fishPot_tau_3.png> <./LD_p_05_fishPot_tau_8.png> <./manifo
lds_fishPot_tau_8.png>] [9 <./LDs_Henon_tau_50_x_0_E_1div6.png> <./Mani_Henon_t
au_50_x_0_E_1div6.png> <./LDs_Henon_tau_10_x_0_E_1div3.png> <./Mani_Henon_tau_1
0_x_0_E_1div3.png> <./LDs_Henon_tau_10_y_0_E_1div3.png> <./Mani_Henon_tau_10_y_
0_E_1div3.png>] (LagDesc.bbl [10]) [11] (LagDesc.aux)

LaTeX Warning: There were undefined references.

 ) 
Here is how much of TeX's memory you used:
 4244 strings out of 492453
 60153 string characters out of 3120075
 145568 words of memory out of 3000000
 8501 multiletter control sequences out of 15000+200000
 12161 words of font info for 47 fonts, out of 3000000 for 9000
 1141 hyphenation exceptions out of 8191
 48i,9n,33p,2309b,268s stack positions out of 5000i,500n,10000p,200000b,50000s
<C:/Users/torvi/AppData/Local/Programs/MiKTeX 2.9/fonts/type1/public/amsfonts
/cm/cmbx10.pfb><C:/Users/torvi/AppData/Local/Programs/MiKTeX 2.9/fonts/type1/pu
blic/amsfonts/cm/cmbx12.pfb><C:/Users/torvi/AppData/Local/Programs/MiKTeX 2.9/f
onts/type1/public/amsfonts/cm/cmbx5.pfb><C:/Users/torvi/AppData/Local/Programs/
MiKTeX 2.9/fonts/type1/public/amsfonts/cm/cmbx7.pfb><C:/Users/torvi/AppData/Loc
al/Programs/MiKTeX 2.9/fonts/type1/public/amsfonts/cm/cmex10.pfb><C:/Users/torv
i/AppData/Local/Programs/MiKTeX 2.9/fonts/type1/public/amsfonts/cm/cmmi10.pfb><
C:/Users/torvi/AppData/Local/Programs/MiKTeX 2.9/fonts/type1/public/amsfonts/cm
/cmmi7.pfb><C:/Users/torvi/AppData/Local/Programs/MiKTeX 2.9/fonts/type1/public
/amsfonts/cm/cmr10.pfb><C:/Users/torvi/AppData/Local/Programs/MiKTeX 2.9/fonts/
type1/public/amsfonts/cm/cmr17.pfb><C:/Users/torvi/AppData/Local/Programs/MiKTe
X 2.9/fonts/type1/public/amsfonts/cm/cmr5.pfb><C:/Users/torvi/AppData/Local/Pro
grams/MiKTeX 2.9/fonts/type1/public/amsfonts/cm/cmr7.pfb><C:/Users/torvi/AppDat
a/Local/Programs/MiKTeX 2.9/fonts/type1/public/amsfonts/cm/cmsy10.pfb><C:/Users
/torvi/AppData/Local/Programs/MiKTeX 2.9/fonts/type1/public/amsfonts/cm/cmsy5.p
fb><C:/Users/torvi/AppData/Local/Programs/MiKTeX 2.9/fonts/type1/public/amsfont
s/cm/cmsy7.pfb><C:/Users/torvi/AppData/Local/Programs/MiKTeX 2.9/fonts/type1/pu
blic/amsfonts/cm/cmti10.pfb><C:/Users/torvi/AppData/Local/Programs/MiKTeX 2.9/f
onts/type1/public/amsfonts/symbols/msbm10.pfb>
Output written on LagDesc.pdf (11 pages, 2468069 bytes).
PDF statistics:
 141 PDF objects out of 1000 (max. 8388607)
 0 named destinations out of 1000 (max. 500000)
 96 words of extra memory for PDF output out of 10000 (max. 10000000)

